/*
Query on: Matthew.psd
Released 2012/1/10
Version 0.1 (Beta)
Author: Jana E. Beck
Contact: janabeck@babel.ling.upenn.edu
License: This treebank file is built from the Perseus Digital Library's (website: http://www.perseus.tufts.edu/hopper/) collection of TEI-compliant XML texts licensed under the Creative Commons Attribution-ShareAlike 3.0 License. See http://creativecommons.org/licenses/by-sa/3.0/us/ for more information about this license. In accordance with the terms of the Perseus Digital Library's Creative Commons Attribution-ShareAlike 3.0 License, this treebank file is also licensed under a Creative Commons ShareAlike 3.0 License.

PREFACE:  
Copyright 2010 Beth Randall
Date:  Mon Feb 06 14:31:47 EST 2012

command file:     positively-biased-questions.q
output file:      positively-biased-questions.out

node:   $ROOT
query:  (CP-QUE* iDoms  *PRTQ*) 
  AND  (*PRTQ* iDoms  *οὐ*|*οὔ*|*μή*) 
*/
/*
HEADER:
source file:  Matthew.psd
*/

/~*
οὐχὶ-οὐχί καὶ-καί οἱ-ὁ τελῶναι-τελώνης τὸ-ὁ αὐτὸ-αὐτός ποιοῦσιν-ποιέω;
(GreekNT,Matthew:5_46a.212)
*~/
/*
1 CP-QUE-SPE:  1 CP-QUE-SPE, 4 PRTQ, 5 οὐχὶ-οὐχί
*/
( (CP-QUE-SPE (CODE {VS:5_46a})
	      (PRTQ οὐχὶ-οὐχί)
	      (C 0)
	      (IP-SUB-SPE (NP-SBJ (ADV καὶ-καί) (DS οἱ-ὁ) (NS τελῶναι-τελώνης))
			  (NP-OB1 (DA τὸ-ὁ) (ADJA αὐτὸ-αὐτός))
			  (VBP-IMPF ποιοῦσιν-ποιέω))
	      (. ;))
  (ID GreekNT,Matthew:5_46a.212))

/~*
οὐχὶ-οὐχί ἡ-ὁ ψυχὴ-ψυχή πλεῖόν-πολύς ἐστι-εἰμί τῆς-ὁ τροφῆς-τροφή καὶ-καί τὸ-ὁ
σῶμα-σῶμα τοῦ-ὁ ἐνδύματος-ἔνδυμα;
(GreekNT,Matthew:6_25a.255)
*~/
/*
1 CP-QUE-SPE:  1 CP-QUE-SPE, 4 PRTQ, 5 οὐχὶ-οὐχί
*/

( (CP-QUE-SPE (CODE {VS:6_25a})
	      (PRTQ οὐχὶ-οὐχί)
	      (C 0)
	      (IP-SUB-SPE (IP-SUB-SPE-1 (NP-SBJ (D ἡ-ὁ) (N ψυχὴ-ψυχή))
					(ADJP-PRD (QR πλεῖόν-πολύς)
						  (BEP-IMPF-CL-1 ἐστι-εἰμί)
						  (NP-CMP (D$ τῆς-ὁ) (N$ τροφῆς-τροφή)))
					(BEP-IMPF *CL*-1))
			  (CONJP (CONJ καὶ-καί)
				 (IP-SUB-SPE=1 (NP-SBJ (D τὸ-ὁ) (N σῶμα-σῶμα))
					       (ADJP-PRD (NP-CMP (D$ τοῦ-ὁ) (N$ ἐνδύματος-ἔνδυμα))))))
	      (. ;))
  (ID GreekNT,Matthew:6_25a.255))

/~*
οὐχ-οὐ ὑμεῖς-ὑμεῖς μᾶλλον-μᾶλλον διαφέρετε-διαφέρω αὐτῶν-αὐτός;
(GreekNT,Matthew:6_26b.258)
*~/
/*
1 CP-QUE-SPE:  1 CP-QUE-SPE, 4 PRTQ, 5 οὐχ-οὐ
*/

( (CP-QUE-SPE (CODE {VS:6_26b})
	      (PRTQ οὐχ-οὐ)
	      (C 0)
	      (IP-SUB-SPE (NP-SBJ (PRO ὑμεῖς-ὑμεῖς))
			  (ADVP (QR μᾶλλον-μᾶλλον))
			  (VBP-IMPF διαφέρετε-διαφέρω)
			  (NP-OBP (PRO$ αὐτῶν-αὐτός)))
	      (. ;))
  (ID GreekNT,Matthew:6_26b.258))

/~*
εἰ-εἰ δὲ-δέ τὸν-ὁ χόρτον-χόρτος τοῦ-ὁ ἀγροῦ-ἀγρός σήμερον-σήμερον ὄντα-εἰμί
καὶ-καί αὔριον-αὔριον εἰς-εἰς κλίβανον-κλίβανος βαλλόμενον-βάλλω ὁ-ὁ θεὸς-θεός
οὕτως-οὕτω[ς] ἀμφιέννυσιν-ἀμφιέννυμι, οὐ-οὐ πολλῷ-πολύς μᾶλλον-μᾶλλον
ὑμᾶς-ὑμεῖς, ὀλιγόπιστοι-ὀλιγόπιστος;
(GreekNT,Matthew:6_30.265)
*~/
/*
1 CP-QUE-SPE:  1 CP-QUE-SPE, 54 PRTQ, 55 οὐ-οὐ
*/

( (CP-QUE-SPE (CODE {VS:6_30})
	      (CP-ADV-SPE (C εἰ-εἰ)
			  (CLPRT δὲ-δέ)
			  (IP-SUB-SPE-1 (NP-OB1 (DA τὸν-ὁ)
						(NA χόρτον-χόρτος)
						(NP-ATR (D$ τοῦ-ὁ) (N$ ἀγροῦ-ἀγρός))
						(RRC (RRC (ADVP-TMP (ADV σήμερον-σήμερον))
							  (BPRA-IMPF ὄντα-εἰμί))
						     (CONJP (CONJ καὶ-καί)
							    (RRC (ADVP-TMP (ADV αὔριον-αὔριον))
								 (PP (P εἰς-εἰς)
								     (NP (NA κλίβανον-κλίβανος)))
								 (VPRPA-IMPF-PASS βαλλόμενον-βάλλω)))))
					(NP-SBJ (D ὁ-ὁ) (N θεὸς-θεός))
					(ADVP (ADV οὕτως-οὕτω[ς]))
					(VBP-IMPF ἀμφιέννυσιν-ἀμφιέννυμι)))
	      (, ,)
	      (PRTQ οὐ-οὐ)
	      (C 0)
	      (IP-SUB-SPE=1 (NP-SBJ *pro*)
			    (ADVP (QD πολλῷ-πολύς) (QR μᾶλλον-μᾶλλον))
			    (NP-OB1 (PROA ὑμᾶς-ὑμεῖς))
			    (, ,)
			    (NP-VOC (ADJ ὀλιγόπιστοι-ὀλιγόπιστος)))
	      (. ;))
  (ID GreekNT,Matthew:6_30.265))

/~*
ἢ-ἤ τίς-τίς ἐξ-ἐκ ὑμῶν-ὑμεῖς ἄνθρωπος-ἄνθρωπος, ὃν-ὅς αἰτήσει-αἰτέω ὁ-ὁ
υἱὸς-υἱός αὐτοῦ-αὐτός ἄρτον-ἄρτος μὴ-μή λίθον-λίθος ἐπιδώσει-ἐπιδίδωμι
αὐτῷ-αὐτός;
(GreekNT,Matthew:7_9.294)
*~/
/*
1 CP-QUE-SPE:  1 CP-QUE-SPE, 41 PRTQ, 42 μὴ-μή
*/

( (CP-QUE-SPE (CODE {VS:7_9})
	      (CONJ ἢ-ἤ)
	      (WNP-1 (WD τίς-τίς)
		     (WPP (WP ἐξ-ἐκ)
			  (WNP (PRO$ ὑμῶν-ὑμεῖς)))
		     (N ἄνθρωπος-ἄνθρωπος)
		     (, ,)
		     (WCP-REL (WNP-2 (WPROA ὃν-ὅς))
			      (C 0)
			      (WIP-SUB (WNP-OB2 *T*-2)
				       (VBP-FUT αἰτήσει-αἰτέω)
				       (WNP-SBJ (D ὁ-ὁ)
						(N υἱὸς-υἱός)
						(WNP-ATR (PRO$ αὐτοῦ-αὐτός)))
				       (WNP-OB1 (NA ἄρτον-ἄρτος)))))
	      (PRTQ μὴ-μή)
	      (C 0)
	      (IP-SUB-SPE (NP-SBJ *T*-1)
			  (NP-OB1 (NA λίθον-λίθος))
			  (VBP-FUT ἐπιδώσει-ἐπιδίδωμι)
			  (NP-OB2 (PROD αὐτῷ-αὐτός)))
	      (. ;))
  (ID GreekNT,Matthew:7_9.294))

/~*
ἢ-ἤ καὶ-καί ἰχθὺν-ἰχθύς αἰτήσει-αἰτέω μὴ-μή ὄφιν-ὄφις ἐπιδώσει-ἐπιδίδωμι
αὐτῷ-αὐτός;
(GreekNT,Matthew:7_10.295)
*~/
/*
1 CP-QUE-SPE:  1 CP-QUE-SPE, 20 PRTQ, 21 μὴ-μή
*/

( (CP-QUE-SPE (CODE {VS:7_10})
	      (CONJ ἢ-ἤ)
	      (CP-ADV-SPE (C 0)
			  (IP-SUB-SPE (ADVP (ADV καὶ-καί))
				      (NP-SBJ *pro*)
				      (NP-OB1 (NA ἰχθὺν-ἰχθύς))
				      (VBP-FUT αἰτήσει-αἰτέω)))
	      (PRTQ μὴ-μή)
	      (C 0)
	      (IP-SUB-SPE (NP-OB1 (NA ὄφιν-ὄφις))
			  (NP-SBJ *con*)
			  (VBP-FUT ἐπιδώσει-ἐπιδίδωμι)
			  (NP-OB2 (PROD αὐτῷ-αὐτός)))
	      (. ;))
  (ID GreekNT,Matthew:7_10.295))

/~*
μήτι-μήτι συλλέγουσιν-συλλέγω ἀπὸ-ἀπό ἀκανθῶν-ἄκανθα σταφυλὰς-σταφυλή ἢ-ἤ
ἀπὸ-ἀπό τριβόλων-τρίβολος σῦκα-σῦκον;
(GreekNT,Matthew:7_16a.302)
*~/
/*
1 CP-QUE-SPE:  1 CP-QUE-SPE, 4 PRTQ, 5 μήτι-μήτι
*/

( (CP-QUE-SPE (CODE {VS:7_16a})
	      (PRTQ μήτι-μήτι)
	      (C 0)
	      (IP-SUB-SPE (IP-SUB-SPE-1 (NP-SBJ *pro*)
					(VBP-IMPF συλλέγουσιν-συλλέγω)
					(PP (P ἀπὸ-ἀπό)
					    (NP (NS$ ἀκανθῶν-ἄκανθα)))
					(NP-OB1 (NSA σταφυλὰς-σταφυλή)))
			  (CONJP (CONJ ἢ-ἤ)
				 (IP-SUB-SPE=1 (PP (P ἀπὸ-ἀπό)
						   (NP (NS$ τριβόλων-τρίβολος)))
					       (NP-OB1 (NSA σῦκα-σῦκον)))))
	      (. ;))
  (ID GreekNT,Matthew:7_16a.302))

/~*
πολλοὶ-πολύς ἐροῦσίν-λέγω μοι-ἐγώ ἐν-ἐν ἐκείνῃ-ἐκεῖνος τῇ-ὁ ἡμέρᾳ-ἡμέρα
Κύριε-κύριος κύριε-κύριος, οὐ-οὐ τῷ-ὁ σῷ-σός ὀνόματι-ὄνομα
ἐπροφητεύσαμεν-προφητεύω, καὶ-καί τῷ-ὁ σῷ-σός ὀνόματι-ὄνομα δαιμόνια-δαιμόνιον
ἐξεβάλομεν-ἐκβάλλω, καὶ-καί τῷ-ὁ σῷ-σός ὀνόματι-ὄνομα δυνάμεις-δύναμις
πολλὰς-πολύς ἐποιήσαμεν-ποιέω;
(GreekNT,Matthew:7_22.310)
*~/
/*
1 IP-MAT-SPE:  22 CP-QUE-SPE-SPE, 31 PRTQ, 32 οὐ-οὐ
*/

( (IP-MAT-SPE (CODE {VS:7_22})
	      (NP-SBJ (Q πολλοὶ-πολύς))
	      (VBP-FUT ἐροῦσίν-λέγω)
	      (NP-OB2 (CLPROD μοι-ἐγώ))
	      (PP (P ἐν-ἐν)
		  (NP (DD ἐκείνῃ-ἐκεῖνος) (DD τῇ-ὁ) (ND ἡμέρᾳ-ἡμέρα)))
	      (CP-QUE-SPE-SPE (NP-VOC (N Κύριε-κύριος)
				      (NP-PRN (N κύριε-κύριος)))
			      (, ,)
			      (PRTQ οὐ-οὐ)
			      (C 0)
			      (IP-SUB-SPE (NP-ADV (DD τῷ-ὁ) (ADJD-POS σῷ-σός) (ND ὀνόματι-ὄνομα))
					  (NP-SBJ *pro*)
					  (VBD-AOR ἐπροφητεύσαμεν-προφητεύω))
			      (, ,)
			      (CONJP (CONJ καὶ-καί)
				     (IP-SUB-SPE (NP-ADV (DD τῷ-ὁ) (ADJD-POS σῷ-σός) (ND ὀνόματι-ὄνομα))
						 (NP-OB1 (NSA δαιμόνια-δαιμόνιον))
						 (NP-SBJ *con*)
						 (VBD-AOR ἐξεβάλομεν-ἐκβάλλω)))
			      (, ,)
			      (CONJP (CONJ καὶ-καί)
				     (IP-SUB-SPE (NP-ADV (DD τῷ-ὁ) (ADJD-POS σῷ-σός) (ND ὀνόματι-ὄνομα))
						 (NP-OB1 (NSA δυνάμεις-δύναμις) (QA πολλὰς-πολύς))
						 (NP-SBJ *con*)
						 (VBD-AOR ἐποιήσαμεν-ποιέω))))
	      (. ;))
  (ID GreekNT,Matthew:7_22.310))

/~*
καὶ-καί εἶπεν-λέγω αὐτοῖς-αὐτός ὁ-ὁ Ἰησοῦς-Ἰησοῦς Μὴ-μή δύνανται-δύναμαι οἱ-ὁ
υἱοὶ-υἱός τοῦ-ὁ νυμφῶνος-νυμφών πενθεῖν-πενθέω ἐφ'-ἐπί ὅσον-ὅσος μετ'-μετά
αὐτῶν-αὐτός ἐστὶν-εἰμί ὁ-ὁ νυμφίος-νυμφίος;
(GreekNT,Matthew:9_15.406)
*~/
/*
1 IP-MAT:  16 CP-QUE-SPE, 17 PRTQ, 18 Μὴ-μή
*/

( (IP-MAT (CODE {VS:9_15})
	  (CONJ καὶ-καί)
	  (VBD-AOR εἶπεν-λέγω)
	  (NP-OB2 (PROD αὐτοῖς-αὐτός))
	  (NP-SBJ (D ὁ-ὁ) (NPR Ἰησοῦς-Ἰησοῦς))
	  (CP-QUE-SPE (PRTQ Μὴ-μή)
		      (C 0)
		      (IP-SUB-SPE (VBPP-IMPF δύνανται-δύναμαι)
				  (NP-SBJ (DS οἱ-ὁ)
					  (NS υἱοὶ-υἱός)
					  (NP-ATR (D$ τοῦ-ὁ) (N$ νυμφῶνος-νυμφών)))
				  (IP-INF-COM (VBN-IMPF πενθεῖν-πενθέω))
				  (PP (P ἐφ'-ἐπί)
				      (NP (CP-FRL-SPE (WNP-1 (WADJA ὅσον-ὅσος))
						      (C 0)
						      (IP-SUB-SPE (NP-MSR *T*-1)
								  (PP (P μετ'-μετά)
								      (NP (PRO$ αὐτῶν-αὐτός)))
								  (BEP-IMPF ἐστὶν-εἰμί)
								  (NP-SBJ (D ὁ-ὁ) (N νυμφίος-νυμφίος))))))))
	  (. ;))
  (ID GreekNT,Matthew:9_15.406))

/~*
οὐχὶ-οὐχί δύο-δύο στρουθία-στρουθίον ἀσσαρίου-ἀσσάριον πωλεῖται-πωλέω;
(GreekNT,Matthew:10_29.495)
*~/
/*
1 CP-QUE-SPE:  1 CP-QUE-SPE, 4 PRTQ, 5 οὐχὶ-οὐχί
*/

( (CP-QUE-SPE (CODE {VS:10_29})
	      (PRTQ οὐχὶ-οὐχί)
	      (C 0)
	      (IP-SUB-SPE (NP-SBJ (NUM δύο-δύο) (NS στρουθία-στρουθίον))
			  (CODE {COM:genitive_of_price})
			  (NP-OB2 (N$ ἀσσαρίου-ἀσσάριον))
			  (VBPP-IMPF-PASS πωλεῖται-πωλέω))
	      (. ;))
  (ID GreekNT,Matthew:10_29.495))

/~*
Καὶ-καί σύ-σύ, Καφαρναούμ-Καφαρναούμ, μὴ-μή ἕως-ἕως οὐρανοῦ-οὐρανός
ὑψωθήσῃ-ὑψόω;
(GreekNT,Matthew:11_23.557)
*~/
/*
1 CP-QUE-SPE:  1 CP-QUE-SPE, 16 PRTQ, 17 μὴ-μή
*/

( (CP-QUE-SPE (CODE {VS:11_23})
	      (CONJ Καὶ-καί)
	      (NP-VOC (PRO σύ-σύ)
		      (, ,)
		      (NP-PRN (NPR Καφαρναούμ-Καφαρναούμ)))
	      (, ,)
	      (PRTQ μὴ-μή)
	      (C 0)
	      (IP-SUB-SPE (PP (P ἕως-ἕως)
			      (NP (N$ οὐρανοῦ-οὐρανός)))
			  (NP-SBJ *pro*)
			  (VBPP-FUT-PASS ὑψωθήσῃ-ὑψόω))
	      (. ;))
  (ID GreekNT,Matthew:11_23.557))

/~*
ὁ-ὁ δὲ-δέ εἶπεν-λέγω αὐτοῖς-αὐτός Οὐκ-οὐ ἀνέγνωτε-ἀναγι[γ]νώσκω τί-τίς
ἐποίησεν-ποιέω Δαυεὶδ-Δαυίδ ὅτε-ὅτε ἐπείνασεν-πεινάω καὶ-καί οἱ-ὁ μετ'-μετά
αὐτοῦ-αὐτός;
(GreekNT,Matthew:12_3.574)
*~/
/*
1 IP-MAT:  14 CP-QUE-SPE, 15 PRTQ, 16 Οὐκ-οὐ
*/

( (IP-MAT (CODE {VS:12_3})
	  (NP-SBJ (D ὁ-ὁ))
	  (CLPRT δὲ-δέ)
	  (VBD-AOR εἶπεν-λέγω)
	  (NP-OB2 (PROD αὐτοῖς-αὐτός))
	  (CP-QUE-SPE (PRTQ Οὐκ-οὐ)
		      (C 0)
		      (IP-SUB-SPE (NP-SBJ *pro*)
				  (VBD-AOR ἀνέγνωτε-ἀναγι[γ]νώσκω)
				  (CP-QUE-SPE (WNP-1 (WPROA τί-τίς))
					      (C 0)
					      (IP-SUB-SPE (NP-OB1 *T*-1)
							  (VBD-AOR ἐποίησεν-ποιέω)
							  (NP-SBJ (NPR Δαυεὶδ-Δαυίδ))
							  (CP-ADV-SPE (C ὅτε-ὅτε)
								      (IP-SUB-SPE (IP-SUB-SPE-2 (NP-SBJ *pro*)
												(VBD-AOR ἐπείνασεν-πεινάω))
										  (CONJP (CONJ καὶ-καί)
											 (IP-SUB-SPE=2 (NP-SBJ (DS οἱ-ὁ)
													       (PP (P μετ'-μετά)
														   (NP (PRO$ αὐτοῦ-αὐτός))))))))))))
	  (. ;))
  (ID GreekNT,Matthew:12_3.574))

/~*
ἢ-ἤ οὐκ-οὐ ἀνέγνωτε-ἀναγι[γ]νώσκω ἐν-ἐν τῷ-ὁ νόμῳ-νόμος ὅτι-ὅτι τοῖς-ὁ
σάββασιν-σάββατον οἱ-ὁ ἱερεῖς-ἱερεύς ἐν-ἐν τῷ-ὁ ἱερῷ-ἱερόν τὸ-ὁ
σάββατον-σάββατον βεβηλοῦσιν-βεβηλόω καὶ-καί ἀναίτιοί-ἀναίτιος εἰσιν-εἰμί;
(GreekNT,Matthew:12_5.576)
*~/
/*
1 CP-QUE-SPE:  1 CP-QUE-SPE, 6 PRTQ, 7 οὐκ-οὐ
*/

( (CP-QUE-SPE (CODE {VS:12_5})
	      (CONJ ἢ-ἤ)
	      (PRTQ οὐκ-οὐ)
	      (C 0)
	      (IP-SUB-SPE (NP-SBJ *pro*)
			  (VBD-AOR ἀνέγνωτε-ἀναγι[γ]νώσκω)
			  (PP (P ἐν-ἐν)
			      (NP (DD τῷ-ὁ) (ND νόμῳ-νόμος)))
			  (CP-THT-SPE (C ὅτι-ὅτι)
				      (IP-SUB-SPE (IP-SUB-SPE (NP-TMP (DSD τοῖς-ὁ) (NSD σάββασιν-σάββατον))
							      (NP-SBJ (DS οἱ-ὁ)
								      (NS ἱερεῖς-ἱερεύς)
								      (PP (P ἐν-ἐν)
									  (NP (DD τῷ-ὁ) (ND ἱερῷ-ἱερόν))))
							      (NP-OB1 (DA τὸ-ὁ) (NA σάββατον-σάββατον))
							      (VBP-IMPF βεβηλοῦσιν-βεβηλόω))
						  (CONJP (CONJ καὶ-καί)
							 (IP-SUB-SPE (ADJP-PRD (ADJ ἀναίτιοί-ἀναίτιος))
								     (NP-SBJ *con*)
								     (BEP-IMPF εἰσιν-εἰμί))))))
	      (. ;))
  (ID GreekNT,Matthew:12_5.576))

/~*
καὶ-καί ἐὰν-ἐάν ἐμπέσῃ-ἐμπίπτω τοῦτο-οὗτος τοῖς-ὁ σάββασιν-σάββατον εἰς-εἰς
βόθυνον-βόθυνος, οὐχὶ-οὐχί κρατήσει-κρατέω αὐτὸ-αὐτός καὶ-καί ἐγερεῖ-ἐγείρω;
(GreekNT,Matthew:12_11a.584)
*~/
/*
1 CP-QUE-SPE:  1 CP-QUE-SPE, 28 PRTQ, 29 οὐχὶ-οὐχί
*/

( (CP-QUE-SPE (CODE {VS:12_11a})
	      (CONJ καὶ-καί)
	      (CP-ADV-SPE (C-AN ἐὰν-ἐάν)
			  (IP-SUB-SPE (VBS-AOR ἐμπέσῃ-ἐμπίπτω)
				      (NP-SBJ (D τοῦτο-οὗτος))
				      (NP-TMP (DSD τοῖς-ὁ) (NSD σάββασιν-σάββατον))
				      (PP (P εἰς-εἰς)
					  (NP (NA βόθυνον-βόθυνος)))))
	      (, ,)
	      (PRTQ οὐχὶ-οὐχί)
	      (C 0)
	      (IP-SUB-SPE (IP-SUB-SPE-1 (NP-SBJ *pro*)
					(VBP-FUT κρατήσει-κρατέω)
					(NP-OB1 (PROA αὐτὸ-αὐτός)))
			  (CONJP (CONJ καὶ-καί)
				 (IP-SUB-SPE=1 (VBP-FUT ἐγερεῖ-ἐγείρω))))
	      (. ;))
  (ID GreekNT,Matthew:12_11a.584))

/~*
καὶ-καί ἔλεγον-λέγω Μήτι-μήτι οὗτός-οὗτος ἐστιν-εἰμί ὁ-ὁ υἱὸς-υἱός
Δαυείδ-Δαυίδ;
(GreekNT,Matthew:12_23a.604)
*~/
/*
1 IP-MAT:  10 CP-QUE-SPE, 11 PRTQ, 12 Μήτι-μήτι
*/

( (IP-MAT (CODE {VS:12_23a})
	  (CONJ καὶ-καί)
	  (NP-SBJ *con*)
	  (VBD-IMPF ἔλεγον-λέγω)
	  (CP-QUE-SPE (PRTQ Μήτι-μήτι)
		      (C 0)
		      (IP-SUB-SPE (NP-SBJ (D οὗτός-οὗτος))
				  (BEP-IMPF ἐστιν-εἰμί)
				  (NP-PRD (D ὁ-ὁ)
					  (N υἱὸς-υἱός)
					  (NP-ATR (NPR$ Δαυείδ-Δαυίδ)))))
	  (. ;))
  (ID GreekNT,Matthew:12_23a.604))

/~*
προσελθόντες-προσέρχομαι δὲ-δέ οἱ-ὁ δοῦλοι-δοῦλος τοῦ-ὁ
οἰκοδεσπότου-οἰκοδεσπότης εἶπον-λέγω αὐτῷ-αὐτός Κύριε-κύριος, οὐχὶ-οὐχί
καλὸν-καλός σπέρμα-σπέρμα ἔσπειρας-σπείρω ἐν-ἐν τῷ-ὁ σῷ-σός ἀγρῷ-ἀγρός;
(GreekNT,Matthew:13_27.698)
*~/
/*
1 IP-MAT:  24 CP-QUE-SPE, 30 PRTQ, 31 οὐχὶ-οὐχί
*/

( (IP-MAT (CODE {VS:13_27})
	  (IP-PPL (VPR-AOR προσελθόντες-προσέρχομαι))
	  (CLPRT δὲ-δέ)
	  (NP-SBJ (DS οἱ-ὁ)
		  (NS δοῦλοι-δοῦλος)
		  (NP-ATR (D$ τοῦ-ὁ) (N$ οἰκοδεσπότου-οἰκοδεσπότης)))
	  (VBD-AOR εἶπον-λέγω)
	  (NP-OB2 (PROD αὐτῷ-αὐτός))
	  (CP-QUE-SPE (NP-VOC (N Κύριε-κύριος))
		      (, ,)
		      (PRTQ οὐχὶ-οὐχί)
		      (C 0)
		      (IP-SUB-SPE (NP-OB1 (ADJA καλὸν-καλός) (NA σπέρμα-σπέρμα))
				  (NP-SBJ *pro*)
				  (VBD-AOR ἔσπειρας-σπείρω)
				  (PP (P ἐν-ἐν)
				      (NP (DD τῷ-ὁ) (ADJD-POS σῷ-σός) (ND ἀγρῷ-ἀγρός)))))
	  (. ;))
  (ID GreekNT,Matthew:13_27.698))

/~*
οὐχ-οὐ οὗτός-οὗτος ἐστιν-εἰμί ὁ-ὁ τοῦ-ὁ τέκτονος-τέκτων υἱός-υἱός;
(GreekNT,Matthew:13_55.749)
*~/
/*
1 CP-QUE-SPE:  1 CP-QUE-SPE, 4 PRTQ, 5 οὐχ-οὐ
*/

( (CP-QUE-SPE (CODE {VS:13_55})
	      (PRTQ οὐχ-οὐ)
	      (C 0)
	      (IP-SUB-SPE (NP-SBJ (D οὗτός-οὗτος))
			  (BEP-IMPF ἐστιν-εἰμί)
			  (NP-PRD (D ὁ-ὁ)
				  (NP-ATR (D$ τοῦ-ὁ) (N$ τέκτονος-τέκτων))
				  (N υἱός-υἱός)))
	      (. ;))
  (ID GreekNT,Matthew:13_55.749))

/~*
οὐχ-οὐ ἡ-ὁ μήτηρ-μήτηρ αὐτοῦ-αὐτός λέγεται-λέγω Μαριὰμ-Μαρία καὶ-καί οἱ-ὁ
ἀδελφοὶ-ἀδελφός αὐτοῦ-αὐτός Ἰάκωβος-Ἰάκωβος καὶ-καί Ἰωσὴφ-Ἰωσήφ καὶ-καί
Σίμων-Σίμων καὶ-καί Ἰούδας-Ἰούδας;
(GreekNT,Matthew:13_55a.750)
*~/
/*
1 CP-QUE-SPE:  1 CP-QUE-SPE, 4 PRTQ, 5 οὐχ-οὐ
*/

( (CP-QUE-SPE (CODE {VS:13_55a})
	      (PRTQ οὐχ-οὐ)
	      (C 0)
	      (IP-SUB-SPE (IP-SUB-SPE-1 (NP-SBJ-1 (D ἡ-ὁ)
						  (N μήτηρ-μήτηρ)
						  (NP-ATR (PRO$ αὐτοῦ-αὐτός)))
					(VBPP-IMPF-PASS λέγεται-λέγω)
					(IP-SMC (NP-SBJ *-1)
						(NP-PRD (NPR Μαριὰμ-Μαρία))))
			  (CONJP (CONJ καὶ-καί)
				 (IP-SUB-SPE=1 (NP-SBJ-2 (DS οἱ-ὁ)
							 (NS ἀδελφοὶ-ἀδελφός)
							 (NP-ATR (PRO$ αὐτοῦ-αὐτός)))
					       (IP-SMC (NP-SBJ *-2)
						       (NP-PRD (NPR Ἰάκωβος-Ἰάκωβος) (CONJ καὶ-καί) (NPR Ἰωσὴφ-Ἰωσήφ) (CONJ καὶ-καί) (NPR Σίμων-Σίμων) (CONJ καὶ-καί) (NPR Ἰούδας-Ἰούδας))))))
	      (. ;))
  (ID GreekNT,Matthew:13_55a.750))

/~*
καὶ-καί αἱ-ὁ ἀδελφαὶ-ἀδελφή αὐτοῦ-αὐτός οὐχὶ-οὐχί πᾶσαι-πᾶς πρὸς-πρός
ἡμᾶς-ἡμεῖς εἰσίν-εἰμί;
(GreekNT,Matthew:13_56.751)
*~/
/*
1 CP-QUE-SPE:  1 CP-QUE-SPE, 14 PRTQ, 15 οὐχὶ-οὐχί
*/

( (CP-QUE-SPE (CODE {VS:13_56})
	      (CONJ καὶ-καί)
	      (NP-LFD (DS αἱ-ὁ)
		      (NS ἀδελφαὶ-ἀδελφή)
		      (NP-ATR (PRO$ αὐτοῦ-αὐτός)))
	      (PRTQ οὐχὶ-οὐχί)
	      (C 0)
	      (IP-SUB-SPE (Q=1 πᾶσαι-πᾶς)
			  (PP (P πρὸς-πρός)
			      (NP (PROA ἡμᾶς-ἡμεῖς)))
			  (NP-SBJ-RSP-1 *pro*)
			  (BEP-IMPF εἰσίν-εἰμί))
	      (. ;))
  (ID GreekNT,Matthew:13_56.751))

/~*
οὐ-οὐ νοεῖτε-νοέω ὅτι-ὅτι πᾶν-πᾶς τὸ-ὁ εἰσπορευόμενον-εἰσπορεύομαι εἰς-εἰς
τὸ-ὁ στόμα-στόμα εἰς-εἰς τὴν-ὁ κοιλίαν-κοιλία χωρεῖ-χωρέω καὶ-καί εἰς-εἰς
ἀφεδρῶνα-ἀφεδρών ἐκβάλλεται-ἐκβάλλω;
(GreekNT,Matthew:15_17.835)
*~/
/*
1 CP-QUE-SPE:  1 CP-QUE-SPE, 4 PRTQ, 5 οὐ-οὐ
*/

( (CP-QUE-SPE (CODE {VS:15_17})
	      (PRTQ οὐ-οὐ)
	      (C 0)
	      (IP-SUB-SPE (NP-SBJ *pro*)
			  (VBP-IMPF νοεῖτε-νοέω)
			  (CP-THT-SPE (C ὅτι-ὅτι)
				      (IP-SUB-SPE (IP-SUB-SPE (NP-SBJ (Q πᾶν-πᾶς)
								      (D τὸ-ὁ)
								      (RRC (VPRP-IMPF εἰσπορευόμενον-εἰσπορεύομαι)
									   (PP (P εἰς-εἰς)
									       (NP (DA τὸ-ὁ) (NA στόμα-στόμα)))))
							      (PP (P εἰς-εἰς)
								  (NP (DA τὴν-ὁ) (NA κοιλίαν-κοιλία)))
							      (VBP-IMPF χωρεῖ-χωρέω))
						  (CONJP (CONJ καὶ-καί)
							 (IP-SUB-SPE (PP (P εἰς-εἰς)
									 (NP (NA ἀφεδρῶνα-ἀφεδρών)))
								     (NP-SBJ *con*)
								     (VBPP-IMPF-PASS ἐκβάλλεται-ἐκβάλλω))))))
	      (. ;))
  (ID GreekNT,Matthew:15_17.835))

/~*
οὔπω-οὔπω νοεῖτε-νοέω,
(GreekNT,Matthew:16_9.884)
*~/
/*
1 CP-QUE-SPE:  1 CP-QUE-SPE, 4 PRTQ-CLPRT, 5 οὔπω-οὔπω
*/

( (CP-QUE-SPE (CODE {VS:16_9})
	      (PRTQ-CLPRT οὔπω-οὔπω)
	      (C 0)
	      (IP-SUB-SPE (NP-SBJ *pro*)
			  (VBP-IMPF νοεῖτε-νοέω))
	      (, ,))
  (ID GreekNT,Matthew:16_9.884))

/~*
οὐδὲ-οὐδέ μνημονεύετε-μνημονεύω τοὺς-ὁ πέντε-πέντε ἄρτους-ἄρτος τῶν-ὁ
πεντακισχιλίων-πεντακισχίλιοι καὶ-καί πόσους-πόσος κοφίνους-κόφινος
ἐλάβετε-λαμβάνω; οὐδὲ-οὐδέ τοὺς-ὁ ἑπτὰ-ἑπτά ἄρτους-ἄρτος τῶν-ὁ
τετρακισχιλίων-τετρακισχίλιοι καὶ-καί πόσας-πόσος σφυρίδας-σπυρίς
ἐλάβετε-λαμβάνω;
(GreekNT,Matthew:16_9a;16_10.885)
*~/
/*
1 CP-QUE-SPE:  1 CP-QUE-SPE, 4 PRTQ, 5 οὐδὲ-οὐδέ
*/

( (CP-QUE-SPE (CODE {VS:16_9a})
	      (PRTQ οὐδὲ-οὐδέ)
	      (C 0)
	      (IP-SUB-SPE (IP-SUB-SPE-1 (NP-SBJ *con*)
					(VBP-IMPF μνημονεύετε-μνημονεύω)
					(NP-OB1 (NP (DSA τοὺς-ὁ)
						    (NUM πέντε-πέντε)
						    (NSA ἄρτους-ἄρτος)
						    (NP-ATR (DS$ τῶν-ὁ) (NUM πεντακισχιλίων-πεντακισχίλιοι)))
						(CONJP (CONJ καὶ-καί)
						       (NP (CP-FRL-SPE (WADJA-1 πόσους-πόσος)
								       (C 0)
								       (IP-SUB-SPE (NP-OB1 (ADJA *T*-1)
											   (NSA κοφίνους-κόφινος))
										   (NP-SBJ *pro*)
										   (VBD-AOR ἐλάβετε-λαμβάνω)))))))
			  (. ;)
			  (CODE {VS:16_10})
			  (CONJP (NEG-CONJ οὐδὲ-οὐδέ)
				 (IP-SUB-SPE=1 (NP-OB1 (NP (DSA τοὺς-ὁ)
							   (NUM ἑπτὰ-ἑπτά)
							   (NSA ἄρτους-ἄρτος)
							   (NP-ATR (DS$ τῶν-ὁ) (NUM τετρακισχιλίων-τετρακισχίλιοι)))
						       (CONJP (CONJ καὶ-καί)
							      (NP (CP-FRL-SPE (WADJA-2 πόσας-πόσος)
									      (C 0)
									      (IP-SUB-SPE (NP-OB1 (ADJA *T*-2)
												  (NSA σφυρίδας-σπυρίς))
											  (NP-SBJ *pro*)
											  (VBD-AOR ἐλάβετε-λαμβάνω)))))))))
	      (. ;))
  (ID GreekNT,Matthew:16_9a;16_10.885))

/~*
ἐὰν-ἐάν γένηταί-γίνομαι τινι-τὶς ἀνθρώπῳ-ἄνθρωπος ἑκατὸν-ἑκατόν
πρόβατα-πρόβατον καὶ-καί πλανηθῇ-πλανάω ἓν-εἷς ἐξ-ἐκ αὐτῶν-αὐτός, οὐχὶ-οὐχί
ἀφήσει-ἀφίημι τὰ-ὁ ἐνενήκοντα-ἐνενήκοντα ἐννέα-ἐννέα ἐπὶ-ἐπί τὰ-ὁ ὄρη-ὄρος
καὶ-καί πορευθεὶς-πορεύομαι ζητεῖ-ζητέω τὸ-ὁ πλανώμενον-πλανάω;
(GreekNT,Matthew:18_12a.983)
*~/
/*
1 CP-QUE-SPE:  1 CP-QUE-SPE, 38 PRTQ, 39 οὐχὶ-οὐχί
*/

( (CP-QUE-SPE (CODE {VS:18_12a})
	      (CP-ADV-SPE (C-AN ἐὰν-ἐάν)
			  (IP-SUB-SPE (IP-SUB-SPE (VBSP-AOR γένηταί-γίνομαι)
						  (NP-OB2 (CLQD τινι-τὶς) (ND ἀνθρώπῳ-ἄνθρωπος))
						  (NP-SBJ (NUM ἑκατὸν-ἑκατόν) (NS πρόβατα-πρόβατον)))
				      (CONJP (CONJ καὶ-καί)
					     (IP-SUB-SPE (VBSP-AOR πλανηθῇ-πλανάω)
							 (NP-SBJ (NUM ἓν-εἷς)
								 (PP (P ἐξ-ἐκ)
								     (NP (PRO$ αὐτῶν-αὐτός))))))))
	      (, ,)
	      (PRTQ οὐχὶ-οὐχί)
	      (CP-CAR-SPE 0)
	      (IP-SUB-SPE (IP-SUB-SPE (NP-SBJ *pro*)
				      (VPR-AOR ἀφήσει-ἀφίημι)
				      (NP-OB1 (DSA τὰ-ὁ)
					      (NUMP (NUM ἐνενήκοντα-ἐνενήκοντα) (NUM ἐννέα-ἐννέα)))
				      (PP (P ἐπὶ-ἐπί)
					  (NP (DSA τὰ-ὁ) (NSA ὄρη-ὄρος))))
			  (CONJP (CONJ καὶ-καί)
				 (IP-SUB-SPE (IP-PPL (VPRP-AOR πορευθεὶς-πορεύομαι))
					     (NP-SBJ *con*)
					     (VBP-IMPF ζητεῖ-ζητέω)
					     (NP-OB1 (DA τὸ-ὁ)
						     (RRC (VPRPA-IMPF πλανώμενον-πλανάω))))))
	      (. ;))
  (ID GreekNT,Matthew:18_12a.983))

/~*
οὐκ-οὐ ἔδει-δεῖ καὶ-καί σὲ-σύ ἐλεῆσαι-ἐλεέω τὸν-ὁ σύνδουλόν-σύνδουλος σου-σύ,
ὡς-ὡς κἀ@-καί @γὼ-ἐγώ σὲ-σύ ἠλέησα-ἐλεέω;
(GreekNT,Matthew:18_33.1012)
*~/
/*
1 CP-QUE-SPE:  1 CP-QUE-SPE, 4 PRTQ, 5 οὐκ-οὐ
*/

( (CP-QUE-SPE (CODE {VS:18_33})
	      (PRTQ οὐκ-οὐ)
	      (C 0)
	      (IP-SUB-SPE (VBD-IMPF ἔδει-δεῖ)
			  (IP-INF-SBJ (NP-SBJ (ADV καὶ-καί) (PROA σὲ-σύ))
				      (VBN-AOR ἐλεῆσαι-ἐλεέω)
				      (NP-OB1 (DA τὸν-ὁ)
					      (NA σύνδουλόν-σύνδουλος)
					      (NP-ATR (CLPRO$ σου-σύ)))
				      (, ,)
				      (ADVP (CP-CMP-SPE (WADVP-1 (WADV ὡς-ὡς))
							(C 0)
							(IP-SUB-SPE (ADVP *T*-1)
								    (NP-SBJ (ADV κἀ@-καί) (PRO @γὼ-ἐγώ))
								    (NP-OB1 (PROA σὲ-σύ))
								    (VBD-AOR ἠλέησα-ἐλεέω))))))
	      (. ;))
  (ID GreekNT,Matthew:18_33.1012))

/~*
ὁ-ὁ δὲ-δέ ἀποκριθεὶς-ἀποκρίνομαι εἶπεν-λέγω Οὐκ-οὐ ἀνέγνωτε-ἀναγι[γ]νώσκω
ὅτι-ὅτι ὁ-ὁ κτίσας-ποιέω ἀπ'-ἀπό ἀρχῆς-ἀρχή ἄρσεν-ἄρσην καὶ-καί θῆλυ-θῆλυς
ἐποίησεν-ποιέω αὐτοὺς-αὐτός
(GreekNT,Matthew:19_4.1020)
*~/
/*
1 IP-MAT:  14 CP-QUE-SPE, 15 PRTQ, 16 Οὐκ-οὐ
*/

( (IP-MAT (CODE {VS:19_4})
	  (NP-SBJ (D ὁ-ὁ))
	  (CLPRT δὲ-δέ)
	  (IP-PPL (VPRP-AOR ἀποκριθεὶς-ἀποκρίνομαι))
	  (VBD-AOR εἶπεν-λέγω)
	  (CP-QUE-SPE (PRTQ Οὐκ-οὐ)
		      (C 0)
		      (IP-SUB-SPE (NP-SBJ *pro*)
				  (VBD-AOR ἀνέγνωτε-ἀναγι[γ]νώσκω)
				  (CP-THT-SPE (C ὅτι-ὅτι)
					      (IP-SUB-SPE (NP-SBJ (D ὁ-ὁ)
								  (RRC (VPR-AOR κτίσας-ποιέω)))
							  (PP (P ἀπ'-ἀπό)
							      (NP (N$ ἀρχῆς-ἀρχή)))
							  (ADJP-1 (ADJA ἄρσεν-ἄρσην) (CONJ καὶ-καί) (ADJA θῆλυ-θῆλυς))
							  (VBD-AOR ἐποίησεν-ποιέω)
							  (IP-SMC (ADJP-PRD *ICH*-1)
								  (NP-SBJ (PROA αὐτοὺς-αὐτός))))))))
  (ID GreekNT,Matthew:19_4.1020))

/~*
οὐχὶ-οὐχί δηναρίου-δηνάριον συνεφώνησάς-συμφωνέω μοι-ἐγώ;
(GreekNT,Matthew:20_13a.1089)
*~/
/*
1 CP-QUE-SPE:  1 CP-QUE-SPE, 4 PRTQ, 5 οὐχὶ-οὐχί
*/

( (CP-QUE-SPE (CODE {VS:20_13a})
	      (PRTQ οὐχὶ-οὐχί)
	      (C 0)
	      (IP-SUB-SPE (NP-ADV (CODE {COM:genitive_of_price})
				  (N$ δηναρίου-δηνάριον))
			  (NP-SBJ *pro*)
			  (VBD-AOR συνεφώνησάς-συμφωνέω)
			  (NP-OBP (CLPROD μοι-ἐγώ)))
	      (. ;))
  (ID GreekNT,Matthew:20_13a.1089))

/~*
οὐκ-οὐ ἔξεστίν-ἔξεστιν μοι-ἐγώ ὃ-ὅς θέλω-θέλω ποιῆσαι-ποιέω ἐν-ἐν τοῖς-ὁ
ἐμοῖς-ἐμός;
(GreekNT,Matthew:20_15.1093)
*~/
/*
1 CP-QUE-SPE:  1 CP-QUE-SPE, 4 PRTQ, 5 οὐκ-οὐ
*/

( (CP-QUE-SPE (CODE {VS:20_15})
	      (PRTQ οὐκ-οὐ)
	      (C 0)
	      (IP-SUB-SPE (VBP-IMPF ἔξεστίν-ἔξεστιν)
			  (NP-OB2 (CLPROD μοι-ἐγώ))
			  (IP-INF-SBJ (NP-OB1 (CP-FRL-SPE (WNP-1 (WPROA ὃ-ὅς))
							  (C 0)
							  (IP-SUB-SPE (NP-OB1 *T*-1)
								      (NP-SBJ *pro*)
								      (VBP-IMPF θέλω-θέλω))))
				      (VBN-AOR ποιῆσαι-ποιέω)
				      (PP (P ἐν-ἐν)
					  (NP (DSD τοῖς-ὁ) (ADJD-POS ἐμοῖς-ἐμός)))))
	      (. ;))
  (ID GreekNT,Matthew:20_15.1093))

/~*
ὁ-ὁ δὲ-δέ ἀποκριθεὶς-ἀποκρίνομαι εἶπεν-λέγω αὐτοῖς-αὐτός Οὐ-οὐ βλέπετε-βλέπω
ταῦτα-οὗτος πάντα-πᾶς;
(GreekNT,Matthew:24_2.1338)
*~/
/*
1 IP-MAT:  17 CP-QUE-SPE, 18 PRTQ, 19 Οὐ-οὐ
*/

( (IP-MAT (CODE {VS:24_2})
	  (NP-SBJ (D ὁ-ὁ))
	  (CLPRT δὲ-δέ)
	  (IP-PPL (VPRP-AOR ἀποκριθεὶς-ἀποκρίνομαι))
	  (VBD-AOR εἶπεν-λέγω)
	  (NP-OB2 (PROD αὐτοῖς-αὐτός))
	  (CP-QUE-SPE (PRTQ Οὐ-οὐ)
		      (C 0)
		      (IP-SUB-SPE (NP-SBJ *pro*)
				  (VBP-IMPF βλέπετε-βλέπω)
				  (NP-OB1 (DSA ταῦτα-οὗτος) (QA πάντα-πᾶς))))
	  (. ;))
  (ID GreekNT,Matthew:24_2.1338))

/~*
καὶ-καί λυπούμενοι-λυπέω σφόδρα-σφόδρα ἤρξαντο-ἄρχω λέγειν-λέγω αὐτῷ-αὐτός
εἷς-εἷς ἕκαστος-ἕκαστος Μήτι-μήτι ἐγώ-ἐγώ εἰμι-εἰμί, κύριε-κύριος;
(GreekNT,Matthew:26_22.1528)
*~/
/*
1 IP-MAT:  28 CP-QUE-1, 29 PRTQ, 30 Μήτι-μήτι
*/

( (IP-MAT (CODE {VS:26_22})
	  (CONJ καὶ-καί)
	  (IP-PPL (VPRP-IMPF λυπούμενοι-λυπέω)
		  (ADVP (ADV σφόδρα-σφόδρα)))
	  (VBDP-AOR ἤρξαντο-ἄρχω)
	  (IP-INF-COM (VBN-IMPF λέγειν-λέγω)
		      (NP-OB2 (PROD αὐτῷ-αὐτός))
		      (CP-QUE-SPE *ICH*-1))
	  (NP-SBJ (NP-PRN (NUM εἷς-εἷς) (Q ἕκαστος-ἕκαστος)))
	  (CP-QUE-1 (PRTQ Μήτι-μήτι)
		    (C 0)
		    (IP-SUB (NP-SBJ (PRO ἐγώ-ἐγώ))
			    (BEP-IMPF εἰμι-εἰμί)
			    (, ,)
			    (NP-VOC (N κύριε-κύριος))))
	  (. ;))
  (ID GreekNT,Matthew:26_22.1528))

/~*
ἀποκριθεὶς-ἀποκρίνομαι δὲ-δέ Ἰούδας-Ἰούδας ὁ-ὁ παραδιδοὺς-παραδίδωμι
αὐτὸν-αὐτός εἶπεν-λέγω Μήτι-μήτι ἐγώ-ἐγώ εἰμι-εἰμί, ῥαββεί-ῥαββί;
(GreekNT,Matthew:26_25.1532)
*~/
/*
1 IP-MAT:  23 CP-QUE-SPE, 24 PRTQ, 25 Μήτι-μήτι
*/

( (IP-MAT (CODE {VS:26_25})
	  (IP-PPL (VPRP-AOR ἀποκριθεὶς-ἀποκρίνομαι))
	  (CLPRT δὲ-δέ)
	  (NP-SBJ (NPR Ἰούδας-Ἰούδας)
		  (NP-PRN (D ὁ-ὁ)
			  (RRC (VPR-IMPF παραδιδοὺς-παραδίδωμι)
			       (NP-OB1 (PROA αὐτὸν-αὐτός)))))
	  (VBD-AOR εἶπεν-λέγω)
	  (CP-QUE-SPE (PRTQ Μήτι-μήτι)
		      (C 0)
		      (IP-SUB-SPE (NP-SBJ (PRO ἐγώ-ἐγώ))
				  (BEP-IMPF εἰμι-εἰμί)
				  (, ,)
				  (NP-VOC (N ῥαββεί-ῥαββί))))
	  (. ;))
  (ID GreekNT,Matthew:26_25.1532))

/~*
τότε-τότε λέγει-λέγω αὐτῷ-αὐτός ὁ-ὁ Πειλᾶτος-Πιλᾶτος Οὐκ-οὐ ἀκούεις-ἀκούω
πόσα-πόσος σου-σύ καταμαρτυροῦσιν-καταμαρτυρέω;
(GreekNT,Matthew:27_13.1642)
*~/
/*
1 IP-MAT:  17 CP-QUE-SPE, 18 PRTQ, 19 Οὐκ-οὐ
*/

( (IP-MAT (CODE {VS:27_13})
	  (ADVP-TMP (ADV τότε-τότε))
	  (VBP-IMPF λέγει-λέγω)
	  (NP-OB2 (PROD αὐτῷ-αὐτός))
	  (NP-SBJ (D ὁ-ὁ) (NPR Πειλᾶτος-Πιλᾶτος))
	  (CP-QUE-SPE (PRTQ Οὐκ-οὐ)
		      (C 0)
		      (IP-SUB-SPE (NP-SBJ *pro*)
				  (VBP-IMPF ἀκούεις-ἀκούω)
				  (NP-OB1 (CP-FRL-SPE (WNP-1 (WADJA πόσα-πόσος))
						      (C 0)
						      (IP-SUB-SPE (NP-OB1 *T*-1)
								  (NP-OBP (CLPRO$ σου-σύ))
								  (NP-SBJ *pro*)
								  (VBP-IMPF καταμαρτυροῦσιν-καταμαρτυρέω))))))
	  (. ;))
  (ID GreekNT,Matthew:27_13.1642))
/*
FOOTER
  source file, hits/tokens/total
  Matthew.psd		31/31/1758
*/
/*
SUMMARY:  
source files, hits/tokens/total
  Matthew.psd		31/31/1758
whole search, hits/tokens/total
			31/31/1758
*/
