This is pdfTeX, Version 3.1415926-2.3-1.40.12 (TeX Live 2011) (format=pdflatex 2011.11.17)  3 JAN 2012 12:37
entering extended mode
 restricted \write18 enabled.
 %&-line parsing enabled.
**\input cheat-sheet.tex
(./cheat-sheet.tex
(/usr/local/texlive/2011/texmf-dist/tex/latex/base/article.cls
Document Class: article 2007/10/19 v1.4h Standard LaTeX document class
(/usr/local/texlive/2011/texmf-dist/tex/latex/base/size10.clo
File: size10.clo 2007/10/19 v1.4h Standard LaTeX file (size option)
)
\c@part=\count79
\c@section=\count80
\c@subsection=\count81
\c@subsubsection=\count82
\c@paragraph=\count83
\c@subparagraph=\count84
\c@figure=\count85
\c@table=\count86
\abovecaptionskip=\skip41
\belowcaptionskip=\skip42
\bibindent=\dimen102
)
(/usr/local/texlive/2011/texmf-dist/tex/latex/geometry/geometry.sty
Package: geometry 2010/09/12 v5.6 Page Geometry

(/usr/local/texlive/2011/texmf-dist/tex/latex/graphics/keyval.sty
Package: keyval 1999/03/16 v1.13 key=value parser (DPC)
\KV@toks@=\toks14
)
(/usr/local/texlive/2011/texmf-dist/tex/generic/oberdiek/ifpdf.sty
Package: ifpdf 2011/01/30 v2.3 Provides the ifpdf switch (HO)
Package ifpdf Info: pdfTeX in PDF mode is detected.
)
(/usr/local/texlive/2011/texmf-dist/tex/generic/oberdiek/ifvtex.sty
Package: ifvtex 2010/03/01 v1.5 Switches for detecting VTeX and its modes (HO)
Package ifvtex Info: VTeX not detected.
)
(/usr/local/texlive/2011/texmf-dist/tex/generic/ifxetex/ifxetex.sty
Package: ifxetex 2010/09/12 v0.6 Provides ifxetex conditional
)
\Gm@cnth=\count87
\Gm@cntv=\count88
\c@Gm@tempcnt=\count89
\Gm@bindingoffset=\dimen103
\Gm@wd@mp=\dimen104
\Gm@odd@mp=\dimen105
\Gm@even@mp=\dimen106
\Gm@layoutwidth=\dimen107
\Gm@layoutheight=\dimen108
\Gm@layouthoffset=\dimen109
\Gm@layoutvoffset=\dimen110
\Gm@dimlist=\toks15
)
(/usr/local/texlive/2011/texmf-dist/tex/latex/tools/multicol.sty
Package: multicol 2011/06/27 v1.7a multicolumn formatting (FMi)
\c@tracingmulticols=\count90
\mult@box=\box26
\multicol@leftmargin=\dimen111
\c@unbalance=\count91
\c@collectmore=\count92
\doublecol@number=\count93
\multicoltolerance=\count94
\multicolpretolerance=\count95
\full@width=\dimen112
\page@free=\dimen113
\premulticols=\dimen114
\postmulticols=\dimen115
\multicolsep=\skip43
\multicolbaselineskip=\skip44
\partial@page=\box27
\last@line=\box28
\mult@rightbox=\box29
\mult@grightbox=\box30
\mult@gfirstbox=\box31
\mult@firstbox=\box32
\@tempa=\box33
\@tempa=\box34
\@tempa=\box35
\@tempa=\box36
\@tempa=\box37
\@tempa=\box38
\@tempa=\box39
\@tempa=\box40
\@tempa=\box41
\@tempa=\box42
\@tempa=\box43
\@tempa=\box44
\@tempa=\box45
\@tempa=\box46
\@tempa=\box47
\@tempa=\box48
\@tempa=\box49
\c@columnbadness=\count96
\c@finalcolumnbadness=\count97
\last@try=\dimen116
\multicolovershoot=\dimen117
\multicolundershoot=\dimen118
\mult@nat@firstbox=\box50
\colbreak@box=\box51
\multicol@sort@counter=\count98
)
(./cheat-sheet.aux)
\openout1 = `cheat-sheet.aux'.

LaTeX Font Info:    Checking defaults for OML/cmm/m/it on input line 7.
LaTeX Font Info:    ... okay on input line 7.
LaTeX Font Info:    Checking defaults for T1/cmr/m/n on input line 7.
LaTeX Font Info:    ... okay on input line 7.
LaTeX Font Info:    Checking defaults for OT1/cmr/m/n on input line 7.
LaTeX Font Info:    ... okay on input line 7.
LaTeX Font Info:    Checking defaults for OMS/cmsy/m/n on input line 7.
LaTeX Font Info:    ... okay on input line 7.
LaTeX Font Info:    Checking defaults for OMX/cmex/m/n on input line 7.
LaTeX Font Info:    ... okay on input line 7.
LaTeX Font Info:    Checking defaults for U/cmr/m/n on input line 7.
LaTeX Font Info:    ... okay on input line 7.

*geometry* driver: auto-detecting
*geometry* detected driver: pdftex
*geometry* verbose mode - [ preamble ] result:
* driver: pdftex
* paper: <default>
* layout: <same size as paper>
* layoutoffset:(h,v)=(0.0pt,0.0pt)
* modes: landscape 
* h-part:(L,W,R)=(72.26999pt, 650.43001pt, 72.26999pt)
* v-part:(T,H,B)=(72.26999pt, 469.75502pt, 72.26999pt)
* \paperwidth=794.96999pt
* \paperheight=614.295pt
* \textwidth=650.43001pt
* \textheight=469.75502pt
* \oddsidemargin=0.0pt
* \evensidemargin=0.0pt
* \topmargin=-37.0pt
* \headheight=12.0pt
* \headsep=25.0pt
* \topskip=10.0pt
* \footskip=30.0pt
* \marginparwidth=65.0pt
* \marginparsep=11.0pt
* \columnsep=10.0pt
* \skip\footins=9.0pt plus 4.0pt minus 2.0pt
* \hoffset=0.0pt
* \voffset=0.0pt
* \mag=1000
* \@twocolumnfalse
* \@twosidefalse
* \@mparswitchfalse
* \@reversemarginfalse
* (1in=72.27pt=25.4mm, 1cm=28.453pt)

LaTeX Font Info:    External font `cmex10' loaded for size
(Font)              <7> on input line 21.
LaTeX Font Info:    External font `cmex10' loaded for size
(Font)              <5> on input line 21.

Overfull \vbox (95.16096pt too high) has occurred while \output is active []


Overfull \vbox (94.16096pt too high) has occurred while \output is active []


Overfull \vbox (93.16096pt too high) has occurred while \output is active []


Overfull \vbox (92.16096pt too high) has occurred while \output is active []


Overfull \vbox (91.16096pt too high) has occurred while \output is active []


Overfull \vbox (90.16096pt too high) has occurred while \output is active []


Overfull \vbox (89.16096pt too high) has occurred while \output is active []


Overfull \vbox (88.16096pt too high) has occurred while \output is active []


Overfull \vbox (87.16096pt too high) has occurred while \output is active []


Overfull \vbox (86.16096pt too high) has occurred while \output is active []


Overfull \vbox (85.16096pt too high) has occurred while \output is active []


Overfull \vbox (84.16096pt too high) has occurred while \output is active []


Overfull \vbox (83.16096pt too high) has occurred while \output is active []


Overfull \vbox (82.16096pt too high) has occurred while \output is active []


Overfull \vbox (81.16096pt too high) has occurred while \output is active []


Overfull \vbox (80.16096pt too high) has occurred while \output is active []


Overfull \vbox (79.16096pt too high) has occurred while \output is active []


Overfull \vbox (78.16096pt too high) has occurred while \output is active []


Overfull \vbox (77.16096pt too high) has occurred while \output is active []


Overfull \vbox (76.16096pt too high) has occurred while \output is active []


Overfull \vbox (75.16096pt too high) has occurred while \output is active []


Overfull \vbox (74.16096pt too high) has occurred while \output is active []


Overfull \vbox (73.16096pt too high) has occurred while \output is active []


Overfull \vbox (72.16096pt too high) has occurred while \output is active []


Overfull \vbox (71.16096pt too high) has occurred while \output is active []


Overfull \vbox (70.16096pt too high) has occurred while \output is active []


Overfull \vbox (69.16096pt too high) has occurred while \output is active []


Overfull \vbox (68.16096pt too high) has occurred while \output is active []


Overfull \vbox (67.16096pt too high) has occurred while \output is active []


Overfull \vbox (66.16096pt too high) has occurred while \output is active []


Overfull \vbox (65.16096pt too high) has occurred while \output is active []


Overfull \vbox (64.16096pt too high) has occurred while \output is active []


Overfull \vbox (63.16096pt too high) has occurred while \output is active []


Overfull \vbox (62.16096pt too high) has occurred while \output is active []


Overfull \vbox (61.16096pt too high) has occurred while \output is active []


Overfull \vbox (60.16096pt too high) has occurred while \output is active []


Overfull \vbox (59.16096pt too high) has occurred while \output is active []


Overfull \vbox (58.16096pt too high) has occurred while \output is active []


Overfull \vbox (57.16096pt too high) has occurred while \output is active []


Overfull \vbox (56.16096pt too high) has occurred while \output is active []


Overfull \vbox (55.16096pt too high) has occurred while \output is active []


Overfull \vbox (54.16096pt too high) has occurred while \output is active []


Overfull \vbox (53.16096pt too high) has occurred while \output is active []


Overfull \vbox (52.16096pt too high) has occurred while \output is active []


Overfull \vbox (51.16096pt too high) has occurred while \output is active []


Overfull \vbox (50.16096pt too high) has occurred while \output is active []


Overfull \vbox (49.16096pt too high) has occurred while \output is active []


Overfull \vbox (48.16096pt too high) has occurred while \output is active []


Overfull \vbox (47.16096pt too high) has occurred while \output is active []


Overfull \vbox (46.16096pt too high) has occurred while \output is active []


Overfull \vbox (45.16096pt too high) has occurred while \output is active []


Overfull \vbox (44.16096pt too high) has occurred while \output is active []


Overfull \vbox (43.16096pt too high) has occurred while \output is active []


Overfull \vbox (42.16096pt too high) has occurred while \output is active []


Overfull \vbox (41.16096pt too high) has occurred while \output is active []


Overfull \vbox (40.16096pt too high) has occurred while \output is active []


Overfull \vbox (39.16096pt too high) has occurred while \output is active []


Overfull \vbox (38.16096pt too high) has occurred while \output is active []


Overfull \vbox (37.16096pt too high) has occurred while \output is active []


Overfull \vbox (36.16096pt too high) has occurred while \output is active []


Overfull \vbox (35.16096pt too high) has occurred while \output is active []


Overfull \vbox (34.16096pt too high) has occurred while \output is active []


Overfull \vbox (33.16096pt too high) has occurred while \output is active []


Overfull \vbox (32.16096pt too high) has occurred while \output is active []


Overfull \vbox (31.16096pt too high) has occurred while \output is active []


Overfull \vbox (30.16096pt too high) has occurred while \output is active []


Overfull \vbox (29.16096pt too high) has occurred while \output is active []


Overfull \vbox (28.16096pt too high) has occurred while \output is active []


Overfull \vbox (27.16096pt too high) has occurred while \output is active []


Overfull \vbox (26.16096pt too high) has occurred while \output is active []


Overfull \vbox (25.16096pt too high) has occurred while \output is active []


Overfull \vbox (24.16096pt too high) has occurred while \output is active []


[1

{/usr/local/texlive/2011/texmf-var/fonts/map/pdftex/updmap/pdftex.map}]
(./cheat-sheet.aux) ) 
Here is how much of TeX's memory you used:
 834 strings out of 493629
 11689 string characters out of 3143322
 90632 words of memory out of 3000000
 4197 multiletter control sequences out of 15000+200000
 5018 words of font info for 19 fonts, out of 3000000 for 9000
 831 hyphenation exceptions out of 8191
 23i,6n,19p,220b,227s stack positions out of 5000i,500n,10000p,200000b,50000s
</usr/local/texlive/2011/texmf-dist/fonts/type1/public/ams
fonts/cm/cmbx12.pfb></usr/local/texlive/2011/texmf-dist/fonts/type1/public/amsf
onts/cm/cmr10.pfb></usr/local/texlive/2011/texmf-dist/fonts/type1/public/amsfon
ts/cm/cmr12.pfb></usr/local/texlive/2011/texmf-dist/fonts/type1/public/amsfonts
/cm/cmtt10.pfb>
Output written on cheat-sheet.pdf (1 page, 56994 bytes).
PDF statistics:
 24 PDF objects out of 1000 (max. 8388607)
 16 compressed objects within 1 object stream
 0 named destinations out of 1000 (max. 500000)
 1 words of extra memory for PDF output out of 10000 (max. 10000000)

